2024-10-14 13:22:19,800 DEBUG    root            Loaded Command Group: ['gcloud', 'components']
2024-10-14 13:22:19,804 DEBUG    root            Loaded Command Group: ['gcloud', 'components', 'update']
2024-10-14 13:22:19,806 DEBUG    root            Running [gcloud.components.update] with arguments: [--compile-python: "True", --quiet: "True", COMPONENT-IDS:6: "['core', 'gcloud-deps', 'bq', 'gcloud', 'gcloud-crc32c', 'gsutil']"]
2024-10-14 13:22:19,807 INFO     ___FILE_ONLY___ Beginning update. This process may take several minutes.

2024-10-14 13:22:19,837 DEBUG    urllib3.connectionpool Starting new HTTPS connection (1): dl.google.com:443
2024-10-14 13:22:19,903 DEBUG    urllib3.connectionpool https://dl.google.com:443 "GET /dl/cloudsdk/channels/rapid/components-2.json HTTP/1.1" 200 227002
2024-10-14 13:22:19,919 INFO     ___FILE_ONLY___ 

2024-10-14 13:22:19,920 INFO     ___FILE_ONLY___ 
Your current Google Cloud CLI version is: 496.0.0

2024-10-14 13:22:19,920 INFO     ___FILE_ONLY___ Installing components from version: 496.0.0

2024-10-14 13:22:19,920 INFO     ___FILE_ONLY___ 

2024-10-14 13:22:19,920 DEBUG    root            Chosen display Format:table[box,title="These components will be removed."](details.display_name:label=Name:align=left,version.version_string:label=Version:align=right,data.size.size(zero="",min=1048576):label=Size:align=right)
2024-10-14 13:22:19,921 DEBUG    root            Chosen display Format:table[box,title="These components will be updated."](details.display_name:label=Name:align=left,version.version_string:label=Version:align=right,data.size.size(zero="",min=1048576):label=Size:align=right)
2024-10-14 13:22:19,921 DEBUG    root            Chosen display Format:table[box,title="These components will be installed."](details.display_name:label=Name:align=left,version.version_string:label=Version:align=right,data.size.size(zero="",min=1048576):label=Size:align=right)
2024-10-14 13:22:19,962 INFO     ___FILE_ONLY___ ┌─────────────────────────────────────────────────────────────────────────────┐
2024-10-14 13:22:19,962 INFO     ___FILE_ONLY___ 

2024-10-14 13:22:19,962 INFO     ___FILE_ONLY___ │                     These components will be installed.                     │
2024-10-14 13:22:19,962 INFO     ___FILE_ONLY___ 

2024-10-14 13:22:19,963 INFO     ___FILE_ONLY___ ├─────────────────────────────────────────────────────┬────────────┬──────────┤
2024-10-14 13:22:19,963 INFO     ___FILE_ONLY___ 

2024-10-14 13:22:19,963 INFO     ___FILE_ONLY___ │                         Name                        │  Version   │   Size   │
2024-10-14 13:22:19,963 INFO     ___FILE_ONLY___ 

2024-10-14 13:22:19,963 INFO     ___FILE_ONLY___ ├─────────────────────────────────────────────────────┼────────────┼──────────┤
2024-10-14 13:22:19,963 INFO     ___FILE_ONLY___ 

2024-10-14 13:22:19,963 INFO     ___FILE_ONLY___ │ 
2024-10-14 13:22:19,963 INFO     ___FILE_ONLY___ BigQuery Command Line Tool                         
2024-10-14 13:22:19,963 INFO     ___FILE_ONLY___  
2024-10-14 13:22:19,963 INFO     ___FILE_ONLY___ │ 
2024-10-14 13:22:19,963 INFO     ___FILE_ONLY___      2.1.9
2024-10-14 13:22:19,963 INFO     ___FILE_ONLY___  
2024-10-14 13:22:19,963 INFO     ___FILE_ONLY___ │ 
2024-10-14 13:22:19,963 INFO     ___FILE_ONLY___  1.7 MiB
2024-10-14 13:22:19,963 INFO     ___FILE_ONLY___  
2024-10-14 13:22:19,964 INFO     ___FILE_ONLY___ │
2024-10-14 13:22:19,964 INFO     ___FILE_ONLY___ 

2024-10-14 13:22:19,964 INFO     ___FILE_ONLY___ │ 
2024-10-14 13:22:19,964 INFO     ___FILE_ONLY___ BigQuery Command Line Tool (Platform Specific)     
2024-10-14 13:22:19,964 INFO     ___FILE_ONLY___  
2024-10-14 13:22:19,964 INFO     ___FILE_ONLY___ │ 
2024-10-14 13:22:19,964 INFO     ___FILE_ONLY___      2.1.8
2024-10-14 13:22:19,964 INFO     ___FILE_ONLY___  
2024-10-14 13:22:19,964 INFO     ___FILE_ONLY___ │ 
2024-10-14 13:22:19,964 INFO     ___FILE_ONLY___  < 1 MiB
2024-10-14 13:22:19,964 INFO     ___FILE_ONLY___  
2024-10-14 13:22:19,964 INFO     ___FILE_ONLY___ │
2024-10-14 13:22:19,964 INFO     ___FILE_ONLY___ 

2024-10-14 13:22:19,964 INFO     ___FILE_ONLY___ │ 
2024-10-14 13:22:19,964 INFO     ___FILE_ONLY___ Bundled Python 3.11 (Platform Specific)            
2024-10-14 13:22:19,964 INFO     ___FILE_ONLY___  
2024-10-14 13:22:19,965 INFO     ___FILE_ONLY___ │ 
2024-10-14 13:22:19,965 INFO     ___FILE_ONLY___     3.11.9
2024-10-14 13:22:19,965 INFO     ___FILE_ONLY___  
2024-10-14 13:22:19,965 INFO     ___FILE_ONLY___ │ 
2024-10-14 13:22:19,965 INFO     ___FILE_ONLY___ 74.4 MiB
2024-10-14 13:22:19,965 INFO     ___FILE_ONLY___  
2024-10-14 13:22:19,965 INFO     ___FILE_ONLY___ │
2024-10-14 13:22:19,965 INFO     ___FILE_ONLY___ 

2024-10-14 13:22:19,965 INFO     ___FILE_ONLY___ │ 
2024-10-14 13:22:19,965 INFO     ___FILE_ONLY___ Cloud Storage Command Line Tool                    
2024-10-14 13:22:19,965 INFO     ___FILE_ONLY___  
2024-10-14 13:22:19,965 INFO     ___FILE_ONLY___ │ 
2024-10-14 13:22:19,965 INFO     ___FILE_ONLY___       5.30
2024-10-14 13:22:19,965 INFO     ___FILE_ONLY___  
2024-10-14 13:22:19,965 INFO     ___FILE_ONLY___ │ 
2024-10-14 13:22:19,965 INFO     ___FILE_ONLY___ 11.3 MiB
2024-10-14 13:22:19,965 INFO     ___FILE_ONLY___  
2024-10-14 13:22:19,966 INFO     ___FILE_ONLY___ │
2024-10-14 13:22:19,966 INFO     ___FILE_ONLY___ 

2024-10-14 13:22:19,966 INFO     ___FILE_ONLY___ │ 
2024-10-14 13:22:19,966 INFO     ___FILE_ONLY___ Cloud Storage Command Line Tool (Platform Specific)
2024-10-14 13:22:19,966 INFO     ___FILE_ONLY___  
2024-10-14 13:22:19,966 INFO     ___FILE_ONLY___ │ 
2024-10-14 13:22:19,966 INFO     ___FILE_ONLY___       5.30
2024-10-14 13:22:19,966 INFO     ___FILE_ONLY___  
2024-10-14 13:22:19,966 INFO     ___FILE_ONLY___ │ 
2024-10-14 13:22:19,966 INFO     ___FILE_ONLY___  < 1 MiB
2024-10-14 13:22:19,966 INFO     ___FILE_ONLY___  
2024-10-14 13:22:19,966 INFO     ___FILE_ONLY___ │
2024-10-14 13:22:19,966 INFO     ___FILE_ONLY___ 

2024-10-14 13:22:19,966 INFO     ___FILE_ONLY___ │ 
2024-10-14 13:22:19,966 INFO     ___FILE_ONLY___ Google Cloud CLI Core Libraries (Platform Specific)
2024-10-14 13:22:19,966 INFO     ___FILE_ONLY___  
2024-10-14 13:22:19,967 INFO     ___FILE_ONLY___ │ 
2024-10-14 13:22:19,967 INFO     ___FILE_ONLY___ 2024.08.30
2024-10-14 13:22:19,967 INFO     ___FILE_ONLY___  
2024-10-14 13:22:19,967 INFO     ___FILE_ONLY___ │ 
2024-10-14 13:22:19,967 INFO     ___FILE_ONLY___  < 1 MiB
2024-10-14 13:22:19,967 INFO     ___FILE_ONLY___  
2024-10-14 13:22:19,967 INFO     ___FILE_ONLY___ │
2024-10-14 13:22:19,967 INFO     ___FILE_ONLY___ 

2024-10-14 13:22:19,967 INFO     ___FILE_ONLY___ │ 
2024-10-14 13:22:19,967 INFO     ___FILE_ONLY___ Google Cloud CRC32C Hash Tool (Platform Specific)  
2024-10-14 13:22:19,967 INFO     ___FILE_ONLY___  
2024-10-14 13:22:19,967 INFO     ___FILE_ONLY___ │ 
2024-10-14 13:22:19,967 INFO     ___FILE_ONLY___      1.0.0
2024-10-14 13:22:19,967 INFO     ___FILE_ONLY___  
2024-10-14 13:22:19,967 INFO     ___FILE_ONLY___ │ 
2024-10-14 13:22:19,967 INFO     ___FILE_ONLY___  1.3 MiB
2024-10-14 13:22:19,968 INFO     ___FILE_ONLY___  
2024-10-14 13:22:19,968 INFO     ___FILE_ONLY___ │
2024-10-14 13:22:19,968 INFO     ___FILE_ONLY___ 

2024-10-14 13:22:19,968 INFO     ___FILE_ONLY___ │ 
2024-10-14 13:22:19,968 INFO     ___FILE_ONLY___ gcloud cli dependencies (Platform Specific)        
2024-10-14 13:22:19,968 INFO     ___FILE_ONLY___  
2024-10-14 13:22:19,968 INFO     ___FILE_ONLY___ │ 
2024-10-14 13:22:19,968 INFO     ___FILE_ONLY___ 2021.04.16
2024-10-14 13:22:19,968 INFO     ___FILE_ONLY___  
2024-10-14 13:22:19,968 INFO     ___FILE_ONLY___ │ 
2024-10-14 13:22:19,968 INFO     ___FILE_ONLY___  < 1 MiB
2024-10-14 13:22:19,968 INFO     ___FILE_ONLY___  
2024-10-14 13:22:19,968 INFO     ___FILE_ONLY___ │
2024-10-14 13:22:19,968 INFO     ___FILE_ONLY___ 

2024-10-14 13:22:19,968 INFO     ___FILE_ONLY___ └─────────────────────────────────────────────────────┴────────────┴──────────┘
2024-10-14 13:22:19,968 INFO     ___FILE_ONLY___ 

2024-10-14 13:22:19,969 INFO     ___FILE_ONLY___ 

2024-10-14 13:22:19,972 DEBUG    urllib3.connectionpool Starting new HTTPS connection (1): dl.google.com:443
2024-10-14 13:22:20,037 DEBUG    urllib3.connectionpool https://dl.google.com:443 "GET /dl/cloudsdk/channels/rapid/RELEASE_NOTES HTTP/1.1" 200 1289001
2024-10-14 13:22:20,073 INFO     ___FILE_ONLY___ For the latest full release notes, please visit:
  https://cloud.google.com/sdk/release_notes


2024-10-14 13:22:20,073 INFO     ___FILE_ONLY___ Performing in place update...


2024-10-14 13:22:20,075 INFO     ___FILE_ONLY___ ╔════════════════════════════════════════════════════════════╗

2024-10-14 13:22:20,075 INFO     ___FILE_ONLY___ ╠═ Downloading: BigQuery Command Line Tool                  ═╣

2024-10-14 13:22:20,076 INFO     ___FILE_ONLY___ ╚
2024-10-14 13:22:20,079 DEBUG    urllib3.connectionpool Starting new HTTPS connection (1): dl.google.com:443
2024-10-14 13:22:20,139 DEBUG    urllib3.connectionpool https://dl.google.com:443 "GET /dl/cloudsdk/channels/rapid/components/google-cloud-sdk-bq-20241004144944.tar.gz HTTP/1.1" 200 1831026
2024-10-14 13:22:20,153 INFO     ___FILE_ONLY___ ═
2024-10-14 13:22:20,154 INFO     ___FILE_ONLY___ ═
2024-10-14 13:22:20,154 INFO     ___FILE_ONLY___ ═
2024-10-14 13:22:20,154 INFO     ___FILE_ONLY___ ═
2024-10-14 13:22:20,154 INFO     ___FILE_ONLY___ ═
2024-10-14 13:22:20,154 INFO     ___FILE_ONLY___ ═
2024-10-14 13:22:20,154 INFO     ___FILE_ONLY___ ═
2024-10-14 13:22:20,154 INFO     ___FILE_ONLY___ ═
2024-10-14 13:22:20,154 INFO     ___FILE_ONLY___ ═
2024-10-14 13:22:20,154 INFO     ___FILE_ONLY___ ═
2024-10-14 13:22:20,155 INFO     ___FILE_ONLY___ ═
2024-10-14 13:22:20,155 INFO     ___FILE_ONLY___ ═
2024-10-14 13:22:20,155 INFO     ___FILE_ONLY___ ═
2024-10-14 13:22:20,155 INFO     ___FILE_ONLY___ ═
2024-10-14 13:22:20,155 INFO     ___FILE_ONLY___ ═
2024-10-14 13:22:20,155 INFO     ___FILE_ONLY___ ═
2024-10-14 13:22:20,155 INFO     ___FILE_ONLY___ ═
2024-10-14 13:22:20,155 INFO     ___FILE_ONLY___ ═
2024-10-14 13:22:20,155 INFO     ___FILE_ONLY___ ═
2024-10-14 13:22:20,155 INFO     ___FILE_ONLY___ ═
2024-10-14 13:22:20,156 INFO     ___FILE_ONLY___ ═
2024-10-14 13:22:20,156 INFO     ___FILE_ONLY___ ═
2024-10-14 13:22:20,156 INFO     ___FILE_ONLY___ ═
2024-10-14 13:22:20,156 INFO     ___FILE_ONLY___ ═
2024-10-14 13:22:20,156 INFO     ___FILE_ONLY___ ═
2024-10-14 13:22:20,156 INFO     ___FILE_ONLY___ ═
2024-10-14 13:22:20,156 INFO     ___FILE_ONLY___ ═
2024-10-14 13:22:20,156 INFO     ___FILE_ONLY___ ═
2024-10-14 13:22:20,156 INFO     ___FILE_ONLY___ ═
2024-10-14 13:22:20,156 INFO     ___FILE_ONLY___ ═
2024-10-14 13:22:20,157 INFO     ___FILE_ONLY___ ═
2024-10-14 13:22:20,157 INFO     ___FILE_ONLY___ ═
2024-10-14 13:22:20,157 INFO     ___FILE_ONLY___ ═
2024-10-14 13:22:20,157 INFO     ___FILE_ONLY___ ═
2024-10-14 13:22:20,157 INFO     ___FILE_ONLY___ ═
2024-10-14 13:22:20,157 INFO     ___FILE_ONLY___ ═
2024-10-14 13:22:20,157 INFO     ___FILE_ONLY___ ═
2024-10-14 13:22:20,157 INFO     ___FILE_ONLY___ ═
2024-10-14 13:22:20,157 INFO     ___FILE_ONLY___ ═
2024-10-14 13:22:20,157 INFO     ___FILE_ONLY___ ═
2024-10-14 13:22:20,158 INFO     ___FILE_ONLY___ ═
2024-10-14 13:22:20,158 INFO     ___FILE_ONLY___ ═
2024-10-14 13:22:20,158 INFO     ___FILE_ONLY___ ═
2024-10-14 13:22:20,158 INFO     ___FILE_ONLY___ ═
2024-10-14 13:22:20,158 INFO     ___FILE_ONLY___ ═
2024-10-14 13:22:20,158 INFO     ___FILE_ONLY___ ═
2024-10-14 13:22:20,158 INFO     ___FILE_ONLY___ ═
2024-10-14 13:22:20,158 INFO     ___FILE_ONLY___ ═
2024-10-14 13:22:20,158 INFO     ___FILE_ONLY___ ═
2024-10-14 13:22:20,158 INFO     ___FILE_ONLY___ ═
2024-10-14 13:22:20,159 INFO     ___FILE_ONLY___ ═
2024-10-14 13:22:20,159 INFO     ___FILE_ONLY___ ═
2024-10-14 13:22:20,159 INFO     ___FILE_ONLY___ ═
2024-10-14 13:22:20,159 INFO     ___FILE_ONLY___ ═
2024-10-14 13:22:20,159 INFO     ___FILE_ONLY___ ═
2024-10-14 13:22:20,159 INFO     ___FILE_ONLY___ ═
2024-10-14 13:22:20,159 INFO     ___FILE_ONLY___ ═
2024-10-14 13:22:20,159 INFO     ___FILE_ONLY___ ═
2024-10-14 13:22:20,159 INFO     ___FILE_ONLY___ ═
2024-10-14 13:22:20,160 INFO     ___FILE_ONLY___ ═
2024-10-14 13:22:20,160 INFO     ___FILE_ONLY___ ╝

2024-10-14 13:22:20,162 INFO     ___FILE_ONLY___ ╔════════════════════════════════════════════════════════════╗

2024-10-14 13:22:20,162 INFO     ___FILE_ONLY___ ╠═ Downloading: BigQuery Command Line Tool (Platform Spe... ═╣

2024-10-14 13:22:20,162 INFO     ___FILE_ONLY___ ╚
2024-10-14 13:22:20,165 DEBUG    urllib3.connectionpool Starting new HTTPS connection (1): dl.google.com:443
2024-10-14 13:22:20,228 DEBUG    urllib3.connectionpool https://dl.google.com:443 "GET /dl/cloudsdk/channels/rapid/components/google-cloud-sdk-bq-nix-20240830134514.tar.gz HTTP/1.1" 200 1914
2024-10-14 13:22:20,228 INFO     ___FILE_ONLY___ ════════════════════════════════════════════════════════════
2024-10-14 13:22:20,228 INFO     ___FILE_ONLY___ ╝

2024-10-14 13:22:20,230 INFO     ___FILE_ONLY___ ╔════════════════════════════════════════════════════════════╗

2024-10-14 13:22:20,231 INFO     ___FILE_ONLY___ ╠═ Downloading: Bundled Python 3.11                         ═╣

2024-10-14 13:22:20,231 INFO     ___FILE_ONLY___ ╚
2024-10-14 13:22:20,231 INFO     ___FILE_ONLY___ ════════════════════════════════════════════════════════════
2024-10-14 13:22:20,231 INFO     ___FILE_ONLY___ ╝

2024-10-14 13:22:20,233 INFO     ___FILE_ONLY___ ╔════════════════════════════════════════════════════════════╗

2024-10-14 13:22:20,233 INFO     ___FILE_ONLY___ ╠═ Downloading: Bundled Python 3.11 (Platform Specific)     ═╣

2024-10-14 13:22:20,233 INFO     ___FILE_ONLY___ ╚
2024-10-14 13:22:20,236 DEBUG    urllib3.connectionpool Starting new HTTPS connection (1): dl.google.com:443
2024-10-14 13:22:20,300 DEBUG    urllib3.connectionpool https://dl.google.com:443 "GET /dl/cloudsdk/channels/rapid/components/google-cloud-sdk-bundled-python3-unix-linux-x86_64-20240920144119.tar.gz HTTP/1.1" 200 78001783
2024-10-14 13:22:20,560 INFO     ___FILE_ONLY___ ═
2024-10-14 13:22:20,561 INFO     ___FILE_ONLY___ ═
2024-10-14 13:22:20,563 INFO     ___FILE_ONLY___ ═
2024-10-14 13:22:20,564 INFO     ___FILE_ONLY___ ═
2024-10-14 13:22:20,566 INFO     ___FILE_ONLY___ ═
2024-10-14 13:22:20,567 INFO     ___FILE_ONLY___ ═
2024-10-14 13:22:20,569 INFO     ___FILE_ONLY___ ═
2024-10-14 13:22:20,570 INFO     ___FILE_ONLY___ ═
2024-10-14 13:22:20,572 INFO     ___FILE_ONLY___ ═
2024-10-14 13:22:20,573 INFO     ___FILE_ONLY___ ═
2024-10-14 13:22:20,574 INFO     ___FILE_ONLY___ ═
2024-10-14 13:22:20,576 INFO     ___FILE_ONLY___ ═
2024-10-14 13:22:20,577 INFO     ___FILE_ONLY___ ═
2024-10-14 13:22:20,579 INFO     ___FILE_ONLY___ ═
2024-10-14 13:22:20,580 INFO     ___FILE_ONLY___ ═
2024-10-14 13:22:20,581 INFO     ___FILE_ONLY___ ═
2024-10-14 13:22:20,583 INFO     ___FILE_ONLY___ ═
2024-10-14 13:22:20,584 INFO     ___FILE_ONLY___ ═
2024-10-14 13:22:20,586 INFO     ___FILE_ONLY___ ═
2024-10-14 13:22:20,587 INFO     ___FILE_ONLY___ ═
2024-10-14 13:22:20,589 INFO     ___FILE_ONLY___ ═
2024-10-14 13:22:20,590 INFO     ___FILE_ONLY___ ═
2024-10-14 13:22:20,591 INFO     ___FILE_ONLY___ ═
2024-10-14 13:22:20,593 INFO     ___FILE_ONLY___ ═
2024-10-14 13:22:20,594 INFO     ___FILE_ONLY___ ═
2024-10-14 13:22:20,596 INFO     ___FILE_ONLY___ ═
2024-10-14 13:22:20,597 INFO     ___FILE_ONLY___ ═
2024-10-14 13:22:20,599 INFO     ___FILE_ONLY___ ═
2024-10-14 13:22:20,600 INFO     ___FILE_ONLY___ ═
2024-10-14 13:22:20,601 INFO     ___FILE_ONLY___ ═
2024-10-14 13:22:20,603 INFO     ___FILE_ONLY___ ═
2024-10-14 13:22:20,604 INFO     ___FILE_ONLY___ ═
2024-10-14 13:22:20,606 INFO     ___FILE_ONLY___ ═
2024-10-14 13:22:20,607 INFO     ___FILE_ONLY___ ═
2024-10-14 13:22:20,608 INFO     ___FILE_ONLY___ ═
2024-10-14 13:22:20,610 INFO     ___FILE_ONLY___ ═
2024-10-14 13:22:20,611 INFO     ___FILE_ONLY___ ═
2024-10-14 13:22:20,613 INFO     ___FILE_ONLY___ ═
2024-10-14 13:22:20,614 INFO     ___FILE_ONLY___ ═
2024-10-14 13:22:20,616 INFO     ___FILE_ONLY___ ═
2024-10-14 13:22:20,617 INFO     ___FILE_ONLY___ ═
2024-10-14 13:22:20,618 INFO     ___FILE_ONLY___ ═
2024-10-14 13:22:20,620 INFO     ___FILE_ONLY___ ═
2024-10-14 13:22:20,621 INFO     ___FILE_ONLY___ ═
2024-10-14 13:22:20,623 INFO     ___FILE_ONLY___ ═
2024-10-14 13:22:20,624 INFO     ___FILE_ONLY___ ═
2024-10-14 13:22:20,625 INFO     ___FILE_ONLY___ ═
2024-10-14 13:22:20,627 INFO     ___FILE_ONLY___ ═
2024-10-14 13:22:20,628 INFO     ___FILE_ONLY___ ═
2024-10-14 13:22:20,630 INFO     ___FILE_ONLY___ ═
2024-10-14 13:22:20,631 INFO     ___FILE_ONLY___ ═
2024-10-14 13:22:20,633 INFO     ___FILE_ONLY___ ═
2024-10-14 13:22:20,634 INFO     ___FILE_ONLY___ ═
2024-10-14 13:22:20,635 INFO     ___FILE_ONLY___ ═
2024-10-14 13:22:20,637 INFO     ___FILE_ONLY___ ═
2024-10-14 13:22:20,638 INFO     ___FILE_ONLY___ ═
2024-10-14 13:22:20,640 INFO     ___FILE_ONLY___ ═
2024-10-14 13:22:20,642 INFO     ___FILE_ONLY___ ═
2024-10-14 13:22:20,643 INFO     ___FILE_ONLY___ ═
2024-10-14 13:22:20,645 INFO     ___FILE_ONLY___ ═
2024-10-14 13:22:20,645 INFO     ___FILE_ONLY___ ╝

2024-10-14 13:22:20,647 INFO     ___FILE_ONLY___ ╔════════════════════════════════════════════════════════════╗

2024-10-14 13:22:20,647 INFO     ___FILE_ONLY___ ╠═ Downloading: Cloud Storage Command Line Tool             ═╣

2024-10-14 13:22:20,647 INFO     ___FILE_ONLY___ ╚
2024-10-14 13:22:20,656 DEBUG    urllib3.connectionpool Starting new HTTPS connection (1): dl.google.com:443
2024-10-14 13:22:20,721 DEBUG    urllib3.connectionpool https://dl.google.com:443 "GET /dl/cloudsdk/channels/rapid/components/google-cloud-sdk-gsutil-20240614142823.tar.gz HTTP/1.1" 200 11883175
2024-10-14 13:22:20,756 INFO     ___FILE_ONLY___ ═
2024-10-14 13:22:20,757 INFO     ___FILE_ONLY___ ═
2024-10-14 13:22:20,757 INFO     ___FILE_ONLY___ ═
2024-10-14 13:22:20,757 INFO     ___FILE_ONLY___ ═
2024-10-14 13:22:20,758 INFO     ___FILE_ONLY___ ═
2024-10-14 13:22:20,758 INFO     ___FILE_ONLY___ ═
2024-10-14 13:22:20,758 INFO     ___FILE_ONLY___ ═
2024-10-14 13:22:20,759 INFO     ___FILE_ONLY___ ═
2024-10-14 13:22:20,759 INFO     ___FILE_ONLY___ ═
2024-10-14 13:22:20,759 INFO     ___FILE_ONLY___ ═
2024-10-14 13:22:20,760 INFO     ___FILE_ONLY___ ═
2024-10-14 13:22:20,760 INFO     ___FILE_ONLY___ ═
2024-10-14 13:22:20,760 INFO     ___FILE_ONLY___ ═
2024-10-14 13:22:20,760 INFO     ___FILE_ONLY___ ═
2024-10-14 13:22:20,761 INFO     ___FILE_ONLY___ ═
2024-10-14 13:22:20,761 INFO     ___FILE_ONLY___ ═
2024-10-14 13:22:20,761 INFO     ___FILE_ONLY___ ═
2024-10-14 13:22:20,762 INFO     ___FILE_ONLY___ ═
2024-10-14 13:22:20,762 INFO     ___FILE_ONLY___ ═
2024-10-14 13:22:20,762 INFO     ___FILE_ONLY___ ═
2024-10-14 13:22:20,762 INFO     ___FILE_ONLY___ ═
2024-10-14 13:22:20,763 INFO     ___FILE_ONLY___ ═
2024-10-14 13:22:20,763 INFO     ___FILE_ONLY___ ═
2024-10-14 13:22:20,763 INFO     ___FILE_ONLY___ ═
2024-10-14 13:22:20,764 INFO     ___FILE_ONLY___ ═
2024-10-14 13:22:20,764 INFO     ___FILE_ONLY___ ═
2024-10-14 13:22:20,764 INFO     ___FILE_ONLY___ ═
2024-10-14 13:22:20,764 INFO     ___FILE_ONLY___ ═
2024-10-14 13:22:20,765 INFO     ___FILE_ONLY___ ═
2024-10-14 13:22:20,765 INFO     ___FILE_ONLY___ ═
2024-10-14 13:22:20,765 INFO     ___FILE_ONLY___ ═
2024-10-14 13:22:20,766 INFO     ___FILE_ONLY___ ═
2024-10-14 13:22:20,766 INFO     ___FILE_ONLY___ ═
2024-10-14 13:22:20,766 INFO     ___FILE_ONLY___ ═
2024-10-14 13:22:20,767 INFO     ___FILE_ONLY___ ═
2024-10-14 13:22:20,767 INFO     ___FILE_ONLY___ ═
2024-10-14 13:22:20,767 INFO     ___FILE_ONLY___ ═
2024-10-14 13:22:20,767 INFO     ___FILE_ONLY___ ═
2024-10-14 13:22:20,768 INFO     ___FILE_ONLY___ ═
2024-10-14 13:22:20,768 INFO     ___FILE_ONLY___ ═
2024-10-14 13:22:20,768 INFO     ___FILE_ONLY___ ═
2024-10-14 13:22:20,769 INFO     ___FILE_ONLY___ ═
2024-10-14 13:22:20,769 INFO     ___FILE_ONLY___ ═
2024-10-14 13:22:20,769 INFO     ___FILE_ONLY___ ═
2024-10-14 13:22:20,769 INFO     ___FILE_ONLY___ ═
2024-10-14 13:22:20,770 INFO     ___FILE_ONLY___ ═
2024-10-14 13:22:20,770 INFO     ___FILE_ONLY___ ═
2024-10-14 13:22:20,770 INFO     ___FILE_ONLY___ ═
2024-10-14 13:22:20,771 INFO     ___FILE_ONLY___ ═
2024-10-14 13:22:20,771 INFO     ___FILE_ONLY___ ═
2024-10-14 13:22:20,771 INFO     ___FILE_ONLY___ ═
2024-10-14 13:22:20,771 INFO     ___FILE_ONLY___ ═
2024-10-14 13:22:20,772 INFO     ___FILE_ONLY___ ═
2024-10-14 13:22:20,772 INFO     ___FILE_ONLY___ ═
2024-10-14 13:22:20,772 INFO     ___FILE_ONLY___ ═
2024-10-14 13:22:20,773 INFO     ___FILE_ONLY___ ═
2024-10-14 13:22:20,773 INFO     ___FILE_ONLY___ ═
2024-10-14 13:22:20,773 INFO     ___FILE_ONLY___ ═
2024-10-14 13:22:20,773 INFO     ___FILE_ONLY___ ═
2024-10-14 13:22:20,774 INFO     ___FILE_ONLY___ ═
2024-10-14 13:22:20,774 INFO     ___FILE_ONLY___ ╝

2024-10-14 13:22:20,776 INFO     ___FILE_ONLY___ ╔════════════════════════════════════════════════════════════╗

2024-10-14 13:22:20,776 INFO     ___FILE_ONLY___ ╠═ Downloading: Cloud Storage Command Line Tool (Platfor... ═╣

2024-10-14 13:22:20,776 INFO     ___FILE_ONLY___ ╚
2024-10-14 13:22:20,779 DEBUG    urllib3.connectionpool Starting new HTTPS connection (1): dl.google.com:443
2024-10-14 13:22:20,843 DEBUG    urllib3.connectionpool https://dl.google.com:443 "GET /dl/cloudsdk/channels/rapid/components/google-cloud-sdk-gsutil-nix-20240830134514.tar.gz HTTP/1.1" 200 1928
2024-10-14 13:22:20,844 INFO     ___FILE_ONLY___ ════════════════════════════════════════════════════════════
2024-10-14 13:22:20,844 INFO     ___FILE_ONLY___ ╝

2024-10-14 13:22:20,846 INFO     ___FILE_ONLY___ ╔════════════════════════════════════════════════════════════╗

2024-10-14 13:22:20,846 INFO     ___FILE_ONLY___ ╠═ Downloading: Default set of gcloud commands              ═╣

2024-10-14 13:22:20,846 INFO     ___FILE_ONLY___ ╚
2024-10-14 13:22:20,846 INFO     ___FILE_ONLY___ ════════════════════════════════════════════════════════════
2024-10-14 13:22:20,846 INFO     ___FILE_ONLY___ ╝

2024-10-14 13:22:20,848 INFO     ___FILE_ONLY___ ╔════════════════════════════════════════════════════════════╗

2024-10-14 13:22:20,848 INFO     ___FILE_ONLY___ ╠═ Downloading: Google Cloud CLI Core Libraries (Platfor... ═╣

2024-10-14 13:22:20,848 INFO     ___FILE_ONLY___ ╚
2024-10-14 13:22:20,851 DEBUG    urllib3.connectionpool Starting new HTTPS connection (1): dl.google.com:443
2024-10-14 13:22:20,913 DEBUG    urllib3.connectionpool https://dl.google.com:443 "GET /dl/cloudsdk/channels/rapid/components/google-cloud-sdk-core-nix-20240830134514.tar.gz HTTP/1.1" 200 2306
2024-10-14 13:22:20,913 INFO     ___FILE_ONLY___ ════════════════════════════════════════════════════════════
2024-10-14 13:22:20,914 INFO     ___FILE_ONLY___ ╝

2024-10-14 13:22:20,916 INFO     ___FILE_ONLY___ ╔════════════════════════════════════════════════════════════╗

2024-10-14 13:22:20,916 INFO     ___FILE_ONLY___ ╠═ Downloading: Google Cloud CRC32C Hash Tool               ═╣

2024-10-14 13:22:20,916 INFO     ___FILE_ONLY___ ╚
2024-10-14 13:22:20,916 INFO     ___FILE_ONLY___ ════════════════════════════════════════════════════════════
2024-10-14 13:22:20,916 INFO     ___FILE_ONLY___ ╝

2024-10-14 13:22:20,918 INFO     ___FILE_ONLY___ ╔════════════════════════════════════════════════════════════╗

2024-10-14 13:22:20,918 INFO     ___FILE_ONLY___ ╠═ Downloading: Google Cloud CRC32C Hash Tool (Platform ... ═╣

2024-10-14 13:22:20,918 INFO     ___FILE_ONLY___ ╚
2024-10-14 13:22:20,921 DEBUG    urllib3.connectionpool Starting new HTTPS connection (1): dl.google.com:443
2024-10-14 13:22:20,987 DEBUG    urllib3.connectionpool https://dl.google.com:443 "GET /dl/cloudsdk/channels/rapid/components/google-cloud-sdk-gcloud-crc32c-linux-x86_64-20240712142834.tar.gz HTTP/1.1" 200 1350263
2024-10-14 13:22:20,996 INFO     ___FILE_ONLY___ ═
2024-10-14 13:22:20,996 INFO     ___FILE_ONLY___ ═
2024-10-14 13:22:20,997 INFO     ___FILE_ONLY___ ═
2024-10-14 13:22:20,997 INFO     ___FILE_ONLY___ ═
2024-10-14 13:22:20,997 INFO     ___FILE_ONLY___ ═
2024-10-14 13:22:20,997 INFO     ___FILE_ONLY___ ═
2024-10-14 13:22:20,997 INFO     ___FILE_ONLY___ ═
2024-10-14 13:22:20,997 INFO     ___FILE_ONLY___ ═
2024-10-14 13:22:20,997 INFO     ___FILE_ONLY___ ═
2024-10-14 13:22:20,997 INFO     ___FILE_ONLY___ ═
2024-10-14 13:22:20,997 INFO     ___FILE_ONLY___ ═
2024-10-14 13:22:20,997 INFO     ___FILE_ONLY___ ═
2024-10-14 13:22:20,997 INFO     ___FILE_ONLY___ ═
2024-10-14 13:22:20,998 INFO     ___FILE_ONLY___ ═
2024-10-14 13:22:20,998 INFO     ___FILE_ONLY___ ═
2024-10-14 13:22:20,998 INFO     ___FILE_ONLY___ ═
2024-10-14 13:22:20,998 INFO     ___FILE_ONLY___ ═
2024-10-14 13:22:20,998 INFO     ___FILE_ONLY___ ═
2024-10-14 13:22:20,998 INFO     ___FILE_ONLY___ ═
2024-10-14 13:22:20,998 INFO     ___FILE_ONLY___ ═
2024-10-14 13:22:20,998 INFO     ___FILE_ONLY___ ═
2024-10-14 13:22:20,998 INFO     ___FILE_ONLY___ ═
2024-10-14 13:22:20,998 INFO     ___FILE_ONLY___ ═
2024-10-14 13:22:20,998 INFO     ___FILE_ONLY___ ═
2024-10-14 13:22:20,999 INFO     ___FILE_ONLY___ ═
2024-10-14 13:22:20,999 INFO     ___FILE_ONLY___ ═
2024-10-14 13:22:20,999 INFO     ___FILE_ONLY___ ═
2024-10-14 13:22:20,999 INFO     ___FILE_ONLY___ ═
2024-10-14 13:22:20,999 INFO     ___FILE_ONLY___ ═
2024-10-14 13:22:20,999 INFO     ___FILE_ONLY___ ═
2024-10-14 13:22:20,999 INFO     ___FILE_ONLY___ ═
2024-10-14 13:22:20,999 INFO     ___FILE_ONLY___ ═
2024-10-14 13:22:20,999 INFO     ___FILE_ONLY___ ═
2024-10-14 13:22:20,999 INFO     ___FILE_ONLY___ ═
2024-10-14 13:22:20,999 INFO     ___FILE_ONLY___ ═
2024-10-14 13:22:21,000 INFO     ___FILE_ONLY___ ═
2024-10-14 13:22:21,000 INFO     ___FILE_ONLY___ ═
2024-10-14 13:22:21,000 INFO     ___FILE_ONLY___ ═
2024-10-14 13:22:21,000 INFO     ___FILE_ONLY___ ═
2024-10-14 13:22:21,000 INFO     ___FILE_ONLY___ ═
2024-10-14 13:22:21,000 INFO     ___FILE_ONLY___ ═
2024-10-14 13:22:21,000 INFO     ___FILE_ONLY___ ═
2024-10-14 13:22:21,000 INFO     ___FILE_ONLY___ ═
2024-10-14 13:22:21,000 INFO     ___FILE_ONLY___ ═
2024-10-14 13:22:21,000 INFO     ___FILE_ONLY___ ═
2024-10-14 13:22:21,000 INFO     ___FILE_ONLY___ ═
2024-10-14 13:22:21,001 INFO     ___FILE_ONLY___ ═
2024-10-14 13:22:21,001 INFO     ___FILE_ONLY___ ═
2024-10-14 13:22:21,001 INFO     ___FILE_ONLY___ ═
2024-10-14 13:22:21,001 INFO     ___FILE_ONLY___ ═
2024-10-14 13:22:21,001 INFO     ___FILE_ONLY___ ═
2024-10-14 13:22:21,001 INFO     ___FILE_ONLY___ ═
2024-10-14 13:22:21,001 INFO     ___FILE_ONLY___ ═
2024-10-14 13:22:21,001 INFO     ___FILE_ONLY___ ═
2024-10-14 13:22:21,001 INFO     ___FILE_ONLY___ ═
2024-10-14 13:22:21,001 INFO     ___FILE_ONLY___ ═
2024-10-14 13:22:21,001 INFO     ___FILE_ONLY___ ═
2024-10-14 13:22:21,002 INFO     ___FILE_ONLY___ ═
2024-10-14 13:22:21,002 INFO     ___FILE_ONLY___ ═
2024-10-14 13:22:21,002 INFO     ___FILE_ONLY___ ═
2024-10-14 13:22:21,002 INFO     ___FILE_ONLY___ ╝

2024-10-14 13:22:21,004 INFO     ___FILE_ONLY___ ╔════════════════════════════════════════════════════════════╗

2024-10-14 13:22:21,004 INFO     ___FILE_ONLY___ ╠═ Downloading: gcloud cli dependencies (Platform Specific) ═╣

2024-10-14 13:22:21,004 INFO     ___FILE_ONLY___ ╚
2024-10-14 13:22:21,007 DEBUG    urllib3.connectionpool Starting new HTTPS connection (1): dl.google.com:443
2024-10-14 13:22:21,095 DEBUG    urllib3.connectionpool https://dl.google.com:443 "GET /dl/cloudsdk/channels/rapid/components/google-cloud-sdk-gcloud-deps-linux-x86_64-20210416153011.tar.gz HTTP/1.1" 200 104
2024-10-14 13:22:21,096 INFO     ___FILE_ONLY___ ════════════════════════════════════════════════════════════
2024-10-14 13:22:21,096 INFO     ___FILE_ONLY___ ╝

2024-10-14 13:22:21,098 INFO     ___FILE_ONLY___ ╔════════════════════════════════════════════════════════════╗

2024-10-14 13:22:21,098 INFO     ___FILE_ONLY___ ╠═ Installing: BigQuery Command Line Tool                   ═╣

2024-10-14 13:22:21,098 INFO     ___FILE_ONLY___ ╚
2024-10-14 13:22:21,216 INFO     ___FILE_ONLY___ ═
2024-10-14 13:22:21,218 INFO     ___FILE_ONLY___ ═
2024-10-14 13:22:21,221 INFO     ___FILE_ONLY___ ═
2024-10-14 13:22:21,224 INFO     ___FILE_ONLY___ ═
2024-10-14 13:22:21,226 INFO     ___FILE_ONLY___ ═
2024-10-14 13:22:21,229 INFO     ___FILE_ONLY___ ═
2024-10-14 13:22:21,231 INFO     ___FILE_ONLY___ ═
2024-10-14 13:22:21,233 INFO     ___FILE_ONLY___ ═
2024-10-14 13:22:21,236 INFO     ___FILE_ONLY___ ═
2024-10-14 13:22:21,238 INFO     ___FILE_ONLY___ ═
2024-10-14 13:22:21,240 INFO     ___FILE_ONLY___ ═
2024-10-14 13:22:21,242 INFO     ___FILE_ONLY___ ═
2024-10-14 13:22:21,245 INFO     ___FILE_ONLY___ ═
2024-10-14 13:22:21,247 INFO     ___FILE_ONLY___ ═
2024-10-14 13:22:21,249 INFO     ___FILE_ONLY___ ═
2024-10-14 13:22:21,251 INFO     ___FILE_ONLY___ ═
2024-10-14 13:22:21,253 INFO     ___FILE_ONLY___ ═
2024-10-14 13:22:21,257 INFO     ___FILE_ONLY___ ═
2024-10-14 13:22:21,259 INFO     ___FILE_ONLY___ ═
2024-10-14 13:22:21,262 INFO     ___FILE_ONLY___ ═
2024-10-14 13:22:21,264 INFO     ___FILE_ONLY___ ═
2024-10-14 13:22:21,266 INFO     ___FILE_ONLY___ ═
2024-10-14 13:22:21,268 INFO     ___FILE_ONLY___ ═
2024-10-14 13:22:21,270 INFO     ___FILE_ONLY___ ═
2024-10-14 13:22:21,272 INFO     ___FILE_ONLY___ ═
2024-10-14 13:22:21,274 INFO     ___FILE_ONLY___ ═
2024-10-14 13:22:21,277 INFO     ___FILE_ONLY___ ═
2024-10-14 13:22:21,279 INFO     ___FILE_ONLY___ ═
2024-10-14 13:22:21,283 INFO     ___FILE_ONLY___ ═
2024-10-14 13:22:21,285 INFO     ___FILE_ONLY___ ═
2024-10-14 13:22:21,287 INFO     ___FILE_ONLY___ ═
2024-10-14 13:22:21,289 INFO     ___FILE_ONLY___ ═
2024-10-14 13:22:21,292 INFO     ___FILE_ONLY___ ═
2024-10-14 13:22:21,296 INFO     ___FILE_ONLY___ ═
2024-10-14 13:22:21,305 INFO     ___FILE_ONLY___ ═
2024-10-14 13:22:21,306 INFO     ___FILE_ONLY___ ═
2024-10-14 13:22:21,309 INFO     ___FILE_ONLY___ ═
2024-10-14 13:22:21,314 INFO     ___FILE_ONLY___ ═
2024-10-14 13:22:21,316 INFO     ___FILE_ONLY___ ═
2024-10-14 13:22:21,318 INFO     ___FILE_ONLY___ ═
2024-10-14 13:22:21,321 INFO     ___FILE_ONLY___ ═
2024-10-14 13:22:21,323 INFO     ___FILE_ONLY___ ═
2024-10-14 13:22:21,327 INFO     ___FILE_ONLY___ ═
2024-10-14 13:22:21,330 INFO     ___FILE_ONLY___ ═
2024-10-14 13:22:21,332 INFO     ___FILE_ONLY___ ═
2024-10-14 13:22:21,334 INFO     ___FILE_ONLY___ ═
2024-10-14 13:22:21,336 INFO     ___FILE_ONLY___ ═
2024-10-14 13:22:21,338 INFO     ___FILE_ONLY___ ═
2024-10-14 13:22:21,340 INFO     ___FILE_ONLY___ ═
2024-10-14 13:22:21,343 INFO     ___FILE_ONLY___ ═
2024-10-14 13:22:21,345 INFO     ___FILE_ONLY___ ═
2024-10-14 13:22:21,347 INFO     ___FILE_ONLY___ ═
2024-10-14 13:22:21,349 INFO     ___FILE_ONLY___ ═
2024-10-14 13:22:21,351 INFO     ___FILE_ONLY___ ═
2024-10-14 13:22:21,354 INFO     ___FILE_ONLY___ ═
2024-10-14 13:22:21,355 INFO     ___FILE_ONLY___ ═
2024-10-14 13:22:21,357 INFO     ___FILE_ONLY___ ═
2024-10-14 13:22:21,360 INFO     ___FILE_ONLY___ ═
2024-10-14 13:22:21,361 INFO     ___FILE_ONLY___ ═
2024-10-14 13:22:21,364 INFO     ___FILE_ONLY___ ═
2024-10-14 13:22:21,364 INFO     ___FILE_ONLY___ ╝

2024-10-14 13:22:21,376 INFO     ___FILE_ONLY___ ╔════════════════════════════════════════════════════════════╗

2024-10-14 13:22:21,376 INFO     ___FILE_ONLY___ ╠═ Installing: BigQuery Command Line Tool (Platform Spec... ═╣

2024-10-14 13:22:21,377 INFO     ___FILE_ONLY___ ╚
2024-10-14 13:22:21,377 INFO     ___FILE_ONLY___ ════════════════════════════════════════════════════════════
2024-10-14 13:22:21,377 INFO     ___FILE_ONLY___ ╝

2024-10-14 13:22:21,384 INFO     ___FILE_ONLY___ ╔════════════════════════════════════════════════════════════╗

2024-10-14 13:22:21,384 INFO     ___FILE_ONLY___ ╠═ Installing: Bundled Python 3.11                          ═╣

2024-10-14 13:22:21,384 INFO     ___FILE_ONLY___ ╚
2024-10-14 13:22:21,388 INFO     ___FILE_ONLY___ ════════════════════════════════════════════════════════════
2024-10-14 13:22:21,388 INFO     ___FILE_ONLY___ ╝

2024-10-14 13:22:21,390 INFO     ___FILE_ONLY___ ╔════════════════════════════════════════════════════════════╗

2024-10-14 13:22:21,390 INFO     ___FILE_ONLY___ ╠═ Installing: Bundled Python 3.11 (Platform Specific)      ═╣

2024-10-14 13:22:21,390 INFO     ___FILE_ONLY___ ╚
2024-10-14 13:22:23,509 INFO     ___FILE_ONLY___ ═
2024-10-14 13:22:23,524 INFO     ___FILE_ONLY___ ═
2024-10-14 13:22:23,538 INFO     ___FILE_ONLY___ ═
2024-10-14 13:22:23,551 INFO     ___FILE_ONLY___ ═
2024-10-14 13:22:23,563 INFO     ___FILE_ONLY___ ═
2024-10-14 13:22:23,576 INFO     ___FILE_ONLY___ ═
2024-10-14 13:22:23,588 INFO     ___FILE_ONLY___ ═
2024-10-14 13:22:23,601 INFO     ___FILE_ONLY___ ═
2024-10-14 13:22:23,613 INFO     ___FILE_ONLY___ ═
2024-10-14 13:22:23,625 INFO     ___FILE_ONLY___ ═
2024-10-14 13:22:23,637 INFO     ___FILE_ONLY___ ═
2024-10-14 13:22:23,649 INFO     ___FILE_ONLY___ ═
2024-10-14 13:22:23,662 INFO     ___FILE_ONLY___ ═
2024-10-14 13:22:23,674 INFO     ___FILE_ONLY___ ═
2024-10-14 13:22:23,686 INFO     ___FILE_ONLY___ ═
2024-10-14 13:22:23,699 INFO     ___FILE_ONLY___ ═
2024-10-14 13:22:23,711 INFO     ___FILE_ONLY___ ═
2024-10-14 13:22:23,723 INFO     ___FILE_ONLY___ ═
2024-10-14 13:22:23,735 INFO     ___FILE_ONLY___ ═
2024-10-14 13:22:23,747 INFO     ___FILE_ONLY___ ═
2024-10-14 13:22:23,760 INFO     ___FILE_ONLY___ ═
2024-10-14 13:22:23,772 INFO     ___FILE_ONLY___ ═
2024-10-14 13:22:23,784 INFO     ___FILE_ONLY___ ═
2024-10-14 13:22:23,797 INFO     ___FILE_ONLY___ ═
2024-10-14 13:22:23,809 INFO     ___FILE_ONLY___ ═
2024-10-14 13:22:23,821 INFO     ___FILE_ONLY___ ═
2024-10-14 13:22:23,833 INFO     ___FILE_ONLY___ ═
2024-10-14 13:22:23,846 INFO     ___FILE_ONLY___ ═
2024-10-14 13:22:23,858 INFO     ___FILE_ONLY___ ═
2024-10-14 13:22:23,870 INFO     ___FILE_ONLY___ ═
2024-10-14 13:22:23,882 INFO     ___FILE_ONLY___ ═
2024-10-14 13:22:23,894 INFO     ___FILE_ONLY___ ═
2024-10-14 13:22:23,906 INFO     ___FILE_ONLY___ ═
2024-10-14 13:22:23,918 INFO     ___FILE_ONLY___ ═
2024-10-14 13:22:23,931 INFO     ___FILE_ONLY___ ═
2024-10-14 13:22:23,943 INFO     ___FILE_ONLY___ ═
2024-10-14 13:22:24,681 INFO     ___FILE_ONLY___ ═
2024-10-14 13:22:24,706 INFO     ___FILE_ONLY___ ═
2024-10-14 13:22:24,730 INFO     ___FILE_ONLY___ ═
2024-10-14 13:22:24,750 INFO     ___FILE_ONLY___ ═
2024-10-14 13:22:24,770 INFO     ___FILE_ONLY___ ═
2024-10-14 13:22:24,907 INFO     ___FILE_ONLY___ ═
2024-10-14 13:22:24,934 INFO     ___FILE_ONLY___ ═
2024-10-14 13:22:24,953 INFO     ___FILE_ONLY___ ═
2024-10-14 13:22:24,969 INFO     ___FILE_ONLY___ ═
2024-10-14 13:22:24,987 INFO     ___FILE_ONLY___ ═
2024-10-14 13:22:25,016 INFO     ___FILE_ONLY___ ═
2024-10-14 13:22:25,037 INFO     ___FILE_ONLY___ ═
2024-10-14 13:22:25,055 INFO     ___FILE_ONLY___ ═
2024-10-14 13:22:25,069 INFO     ___FILE_ONLY___ ═
2024-10-14 13:22:25,161 INFO     ___FILE_ONLY___ ═
2024-10-14 13:22:25,180 INFO     ___FILE_ONLY___ ═
2024-10-14 13:22:25,200 INFO     ___FILE_ONLY___ ═
2024-10-14 13:22:25,218 INFO     ___FILE_ONLY___ ═
2024-10-14 13:22:25,261 INFO     ___FILE_ONLY___ ═
2024-10-14 13:22:25,626 INFO     ___FILE_ONLY___ ═
2024-10-14 13:22:25,645 INFO     ___FILE_ONLY___ ═
2024-10-14 13:22:25,666 INFO     ___FILE_ONLY___ ═
2024-10-14 13:22:25,684 INFO     ___FILE_ONLY___ ═
2024-10-14 13:22:26,050 INFO     ___FILE_ONLY___ ═
2024-10-14 13:22:26,051 INFO     ___FILE_ONLY___ ╝

2024-10-14 13:22:26,128 INFO     ___FILE_ONLY___ ╔════════════════════════════════════════════════════════════╗

2024-10-14 13:22:26,128 INFO     ___FILE_ONLY___ ╠═ Installing: Cloud Storage Command Line Tool              ═╣

2024-10-14 13:22:26,128 INFO     ___FILE_ONLY___ ╚
2024-10-14 13:22:26,759 INFO     ___FILE_ONLY___ ═
2024-10-14 13:22:26,771 INFO     ___FILE_ONLY___ ═
2024-10-14 13:22:26,784 INFO     ___FILE_ONLY___ ═
2024-10-14 13:22:26,802 INFO     ___FILE_ONLY___ ═
2024-10-14 13:22:26,818 INFO     ___FILE_ONLY___ ═
2024-10-14 13:22:26,834 INFO     ___FILE_ONLY___ ═
2024-10-14 13:22:26,848 INFO     ___FILE_ONLY___ ═
2024-10-14 13:22:26,870 INFO     ___FILE_ONLY___ ═
2024-10-14 13:22:26,882 INFO     ___FILE_ONLY___ ═
2024-10-14 13:22:26,892 INFO     ___FILE_ONLY___ ═
2024-10-14 13:22:26,903 INFO     ___FILE_ONLY___ ═
2024-10-14 13:22:26,940 INFO     ___FILE_ONLY___ ═
2024-10-14 13:22:26,951 INFO     ___FILE_ONLY___ ═
2024-10-14 13:22:26,963 INFO     ___FILE_ONLY___ ═
2024-10-14 13:22:26,976 INFO     ___FILE_ONLY___ ═
2024-10-14 13:22:26,984 INFO     ___FILE_ONLY___ ═
2024-10-14 13:22:26,993 INFO     ___FILE_ONLY___ ═
2024-10-14 13:22:27,004 INFO     ___FILE_ONLY___ ═
2024-10-14 13:22:27,013 INFO     ___FILE_ONLY___ ═
2024-10-14 13:22:27,023 INFO     ___FILE_ONLY___ ═
2024-10-14 13:22:27,033 INFO     ___FILE_ONLY___ ═
2024-10-14 13:22:27,042 INFO     ___FILE_ONLY___ ═
2024-10-14 13:22:27,052 INFO     ___FILE_ONLY___ ═
2024-10-14 13:22:27,065 INFO     ___FILE_ONLY___ ═
2024-10-14 13:22:27,074 INFO     ___FILE_ONLY___ ═
2024-10-14 13:22:27,086 INFO     ___FILE_ONLY___ ═
2024-10-14 13:22:27,099 INFO     ___FILE_ONLY___ ═
2024-10-14 13:22:27,111 INFO     ___FILE_ONLY___ ═
2024-10-14 13:22:27,123 INFO     ___FILE_ONLY___ ═
2024-10-14 13:22:27,141 INFO     ___FILE_ONLY___ ═
2024-10-14 13:22:27,152 INFO     ___FILE_ONLY___ ═
2024-10-14 13:22:27,163 INFO     ___FILE_ONLY___ ═
2024-10-14 13:22:27,173 INFO     ___FILE_ONLY___ ═
2024-10-14 13:22:27,188 INFO     ___FILE_ONLY___ ═
2024-10-14 13:22:27,198 INFO     ___FILE_ONLY___ ═
2024-10-14 13:22:27,209 INFO     ___FILE_ONLY___ ═
2024-10-14 13:22:27,224 INFO     ___FILE_ONLY___ ═
2024-10-14 13:22:27,239 INFO     ___FILE_ONLY___ ═
2024-10-14 13:22:27,252 INFO     ___FILE_ONLY___ ═
2024-10-14 13:22:27,269 INFO     ___FILE_ONLY___ ═
2024-10-14 13:22:27,283 INFO     ___FILE_ONLY___ ═
2024-10-14 13:22:27,294 INFO     ___FILE_ONLY___ ═
2024-10-14 13:22:27,304 INFO     ___FILE_ONLY___ ═
2024-10-14 13:22:27,318 INFO     ___FILE_ONLY___ ═
2024-10-14 13:22:27,332 INFO     ___FILE_ONLY___ ═
2024-10-14 13:22:27,346 INFO     ___FILE_ONLY___ ═
2024-10-14 13:22:27,360 INFO     ___FILE_ONLY___ ═
2024-10-14 13:22:27,372 INFO     ___FILE_ONLY___ ═
2024-10-14 13:22:27,386 INFO     ___FILE_ONLY___ ═
2024-10-14 13:22:27,398 INFO     ___FILE_ONLY___ ═
2024-10-14 13:22:27,408 INFO     ___FILE_ONLY___ ═
2024-10-14 13:22:27,419 INFO     ___FILE_ONLY___ ═
2024-10-14 13:22:27,431 INFO     ___FILE_ONLY___ ═
2024-10-14 13:22:27,441 INFO     ___FILE_ONLY___ ═
2024-10-14 13:22:27,451 INFO     ___FILE_ONLY___ ═
2024-10-14 13:22:27,461 INFO     ___FILE_ONLY___ ═
2024-10-14 13:22:27,471 INFO     ___FILE_ONLY___ ═
2024-10-14 13:22:27,492 INFO     ___FILE_ONLY___ ═
2024-10-14 13:22:27,509 INFO     ___FILE_ONLY___ ═
2024-10-14 13:22:27,526 INFO     ___FILE_ONLY___ ═
2024-10-14 13:22:27,527 INFO     ___FILE_ONLY___ ╝

2024-10-14 13:22:27,579 INFO     ___FILE_ONLY___ ╔════════════════════════════════════════════════════════════╗

2024-10-14 13:22:27,579 INFO     ___FILE_ONLY___ ╠═ Installing: Cloud Storage Command Line Tool (Platform... ═╣

2024-10-14 13:22:27,579 INFO     ___FILE_ONLY___ ╚
2024-10-14 13:22:27,580 INFO     ___FILE_ONLY___ ════════════════════════════════════════════════════════════
2024-10-14 13:22:27,580 INFO     ___FILE_ONLY___ ╝

2024-10-14 13:22:27,586 INFO     ___FILE_ONLY___ ╔════════════════════════════════════════════════════════════╗

2024-10-14 13:22:27,587 INFO     ___FILE_ONLY___ ╠═ Installing: Default set of gcloud commands               ═╣

2024-10-14 13:22:27,587 INFO     ___FILE_ONLY___ ╚
2024-10-14 13:22:27,591 INFO     ___FILE_ONLY___ ════════════════════════════════════════════════════════════
2024-10-14 13:22:27,591 INFO     ___FILE_ONLY___ ╝

2024-10-14 13:22:27,593 INFO     ___FILE_ONLY___ ╔════════════════════════════════════════════════════════════╗

2024-10-14 13:22:27,593 INFO     ___FILE_ONLY___ ╠═ Installing: Google Cloud CLI Core Libraries (Platform... ═╣

2024-10-14 13:22:27,593 INFO     ___FILE_ONLY___ ╚
2024-10-14 13:22:27,594 INFO     ___FILE_ONLY___ ══════════════════════════════
2024-10-14 13:22:27,594 INFO     ___FILE_ONLY___ ══════════════════════════════
2024-10-14 13:22:27,594 INFO     ___FILE_ONLY___ ╝

2024-10-14 13:22:27,600 INFO     ___FILE_ONLY___ ╔════════════════════════════════════════════════════════════╗

2024-10-14 13:22:27,600 INFO     ___FILE_ONLY___ ╠═ Installing: Google Cloud CRC32C Hash Tool                ═╣

2024-10-14 13:22:27,600 INFO     ___FILE_ONLY___ ╚
2024-10-14 13:22:27,604 INFO     ___FILE_ONLY___ ════════════════════════════════════════════════════════════
2024-10-14 13:22:27,604 INFO     ___FILE_ONLY___ ╝

2024-10-14 13:22:27,606 INFO     ___FILE_ONLY___ ╔════════════════════════════════════════════════════════════╗

2024-10-14 13:22:27,606 INFO     ___FILE_ONLY___ ╠═ Installing: Google Cloud CRC32C Hash Tool (Platform S... ═╣

2024-10-14 13:22:27,606 INFO     ___FILE_ONLY___ ╚
2024-10-14 13:22:27,642 INFO     ___FILE_ONLY___ ══════════════════════════════
2024-10-14 13:22:27,642 INFO     ___FILE_ONLY___ ══════════════════════════════
2024-10-14 13:22:27,642 INFO     ___FILE_ONLY___ ╝

2024-10-14 13:22:27,648 INFO     ___FILE_ONLY___ ╔════════════════════════════════════════════════════════════╗

2024-10-14 13:22:27,648 INFO     ___FILE_ONLY___ ╠═ Installing: gcloud cli dependencies (Platform Specific)  ═╣

2024-10-14 13:22:27,649 INFO     ___FILE_ONLY___ ╚
2024-10-14 13:22:27,649 INFO     ___FILE_ONLY___ ════════════════════════════════════════════════════════════
2024-10-14 13:22:27,649 INFO     ___FILE_ONLY___ ╝

2024-10-14 13:22:27,656 DEBUG    root            Updating notification cache...
2024-10-14 13:22:27,657 INFO     ___FILE_ONLY___ 

2024-10-14 13:22:27,659 INFO     ___FILE_ONLY___ Performing post processing steps...
2024-10-14 13:22:27,659 DEBUG    root            Executing command: ['/tools/google-cloud-sdk/bin/gcloud', 'components', 'post-process']
2024-10-14 13:22:37,624 DEBUG    ___FILE_ONLY___ 
2024-10-14 13:22:37,624 DEBUG    ___FILE_ONLY___ 
2024-10-14 13:22:37,702 INFO     ___FILE_ONLY___ 
Update done!


2024-10-14 13:22:37,705 DEBUG    root            Chosen display Format:none
2024-10-14 13:22:37,706 INFO     root            Display format: "none"
